<?xml version="1.0" encoding="UTF-8"?>
<testsuite name="com.kyeong_spring.web.PostsApiControllerTest" tests="2" skipped="0" failures="0" errors="0" timestamp="2020-06-04T04:45:39" hostname="DESKTOP-TOLI8CV" time="0.185">
  <properties/>
  <testcase name="Posts_등록된다" classname="com.kyeong_spring.web.PostsApiControllerTest" time="0.123"/>
  <testcase name="Posts_수정된다" classname="com.kyeong_spring.web.PostsApiControllerTest" time="0.061"/>
  <system-out><![CDATA[2020-06-04 13:45:39.301  INFO 35180 --- [    Test worker] .b.t.c.SpringBootTestContextBootstrapper : Neither @ContextConfiguration nor @ContextHierarchy found for test class [com.kyeong_spring.web.PostsApiControllerTest], using SpringBootContextLoader
2020-06-04 13:45:39.304  INFO 35180 --- [    Test worker] o.s.t.c.support.AbstractContextLoader    : Could not detect default resource locations for test class [com.kyeong_spring.web.PostsApiControllerTest]: no resource found for suffixes {-context.xml, Context.groovy}.
2020-06-04 13:45:39.304  INFO 35180 --- [    Test worker] t.c.s.AnnotationConfigContextLoaderUtils : Could not detect default configuration classes for test class [com.kyeong_spring.web.PostsApiControllerTest]: PostsApiControllerTest does not declare any static, non-private, non-final, nested classes annotated with @Configuration.
2020-06-04 13:45:39.308  INFO 35180 --- [    Test worker] .b.t.c.SpringBootTestContextBootstrapper : Found @SpringBootConfiguration com.kyeong_spring.Application for test class com.kyeong_spring.web.PostsApiControllerTest
2020-06-04 13:45:39.309  INFO 35180 --- [    Test worker] .b.t.c.SpringBootTestContextBootstrapper : Loaded default TestExecutionListener class names from location [META-INF/spring.factories]: [org.springframework.security.test.context.support.WithSecurityContextTestExecutionListener, org.springframework.security.test.context.support.ReactorContextTestExecutionListener, org.springframework.boot.test.autoconfigure.restdocs.RestDocsTestExecutionListener, org.springframework.boot.test.autoconfigure.web.client.MockRestServiceServerResetTestExecutionListener, org.springframework.boot.test.autoconfigure.web.servlet.MockMvcPrintOnlyOnFailureTestExecutionListener, org.springframework.boot.test.autoconfigure.web.servlet.WebDriverTestExecutionListener, org.springframework.boot.test.mock.mockito.MockitoTestExecutionListener, org.springframework.boot.test.mock.mockito.ResetMocksTestExecutionListener, org.springframework.test.context.web.ServletTestExecutionListener, org.springframework.test.context.support.DirtiesContextBeforeModesTestExecutionListener, org.springframework.test.context.support.DependencyInjectionTestExecutionListener, org.springframework.test.context.support.DirtiesContextTestExecutionListener, org.springframework.test.context.transaction.TransactionalTestExecutionListener, org.springframework.test.context.jdbc.SqlScriptsTestExecutionListener]
2020-06-04 13:45:39.312  INFO 35180 --- [    Test worker] .b.t.c.SpringBootTestContextBootstrapper : Using TestExecutionListeners: [org.springframework.test.context.web.ServletTestExecutionListener@4848f433, org.springframework.test.context.support.DirtiesContextBeforeModesTestExecutionListener@4016aca0, org.springframework.boot.test.mock.mockito.MockitoTestExecutionListener@95a0f00, org.springframework.boot.test.autoconfigure.SpringBootDependencyInjectionTestExecutionListener@33520b3b, org.springframework.test.context.support.DirtiesContextTestExecutionListener@3cb4880e, org.springframework.test.context.transaction.TransactionalTestExecutionListener@49325094, org.springframework.test.context.jdbc.SqlScriptsTestExecutionListener@10c964bd, org.springframework.security.test.context.support.WithSecurityContextTestExecutionListener@3361be4c, org.springframework.security.test.context.support.ReactorContextTestExecutionListener@2b0da4d6, org.springframework.boot.test.autoconfigure.restdocs.RestDocsTestExecutionListener@70e0e7d3, org.springframework.boot.test.autoconfigure.web.client.MockRestServiceServerResetTestExecutionListener@2b5789fe, org.springframework.boot.test.autoconfigure.web.servlet.MockMvcPrintOnlyOnFailureTestExecutionListener@157ac106, org.springframework.boot.test.autoconfigure.web.servlet.WebDriverTestExecutionListener@5317ec6b, org.springframework.boot.test.mock.mockito.ResetMocksTestExecutionListener@24be57a5]
2020-06-04 13:45:39.324  INFO 35180 --- [    Test worker] o.a.c.c.C.[Tomcat].[localhost].[/]       : Initializing Spring TestDispatcherServlet ''
2020-06-04 13:45:39.324  INFO 35180 --- [    Test worker] o.s.t.web.servlet.TestDispatcherServlet  : Initializing Servlet ''
2020-06-04 13:45:39.329  INFO 35180 --- [    Test worker] o.s.t.web.servlet.TestDispatcherServlet  : Completed initialization in 5 ms
Hibernate: insert into posts (created_date, modified_date, author, content, title) values (?, ?, ?, ?, ?)
Hibernate: select posts0_.id as id1_0_, posts0_.created_date as created_2_0_, posts0_.modified_date as modified3_0_, posts0_.author as author4_0_, posts0_.content as content5_0_, posts0_.title as title6_0_ from posts posts0_
Hibernate: select posts0_.id as id1_0_, posts0_.created_date as created_2_0_, posts0_.modified_date as modified3_0_, posts0_.author as author4_0_, posts0_.content as content5_0_, posts0_.title as title6_0_ from posts posts0_
Hibernate: delete from posts where id=?
2020-06-04 13:45:39.447  INFO 35180 --- [    Test worker] o.a.c.c.C.[Tomcat].[localhost].[/]       : Initializing Spring TestDispatcherServlet ''
2020-06-04 13:45:39.447  INFO 35180 --- [    Test worker] o.s.t.web.servlet.TestDispatcherServlet  : Initializing Servlet ''
2020-06-04 13:45:39.450  INFO 35180 --- [    Test worker] o.s.t.web.servlet.TestDispatcherServlet  : Completed initialization in 3 ms
Hibernate: insert into posts (created_date, modified_date, author, content, title) values (?, ?, ?, ?, ?)
Hibernate: select posts0_.id as id1_0_0_, posts0_.created_date as created_2_0_0_, posts0_.modified_date as modified3_0_0_, posts0_.author as author4_0_0_, posts0_.content as content5_0_0_, posts0_.title as title6_0_0_ from posts posts0_ where posts0_.id=?
Hibernate: update posts set created_date=?, modified_date=?, author=?, content=?, title=? where id=?
Hibernate: select posts0_.id as id1_0_, posts0_.created_date as created_2_0_, posts0_.modified_date as modified3_0_, posts0_.author as author4_0_, posts0_.content as content5_0_, posts0_.title as title6_0_ from posts posts0_
Hibernate: select posts0_.id as id1_0_, posts0_.created_date as created_2_0_, posts0_.modified_date as modified3_0_, posts0_.author as author4_0_, posts0_.content as content5_0_, posts0_.title as title6_0_ from posts posts0_
Hibernate: delete from posts where id=?
]]></system-out>
  <system-err><![CDATA[]]></system-err>
</testsuite>
