<?xml version="1.0" encoding="UTF-8"?>
<testsuite name="com.kyeong_spring.domain.posts.PostsRepositoryTest" tests="2" skipped="0" failures="0" errors="0" timestamp="2020-06-04T04:45:36" hostname="DESKTOP-TOLI8CV" time="0.272">
  <properties/>
  <testcase name="게시글저장_불러오기" classname="com.kyeong_spring.domain.posts.PostsRepositoryTest" time="0.253"/>
  <testcase name="BaseTimeEntity_등록" classname="com.kyeong_spring.domain.posts.PostsRepositoryTest" time="0.018"/>
  <system-out><![CDATA[2020-06-04 13:45:32.000  INFO 35180 --- [    Test worker] .b.t.c.SpringBootTestContextBootstrapper : Neither @ContextConfiguration nor @ContextHierarchy found for test class [com.kyeong_spring.domain.posts.PostsRepositoryTest], using SpringBootContextLoader
2020-06-04 13:45:32.003  INFO 35180 --- [    Test worker] o.s.t.c.support.AbstractContextLoader    : Could not detect default resource locations for test class [com.kyeong_spring.domain.posts.PostsRepositoryTest]: no resource found for suffixes {-context.xml, Context.groovy}.
2020-06-04 13:45:32.003  INFO 35180 --- [    Test worker] t.c.s.AnnotationConfigContextLoaderUtils : Could not detect default configuration classes for test class [com.kyeong_spring.domain.posts.PostsRepositoryTest]: PostsRepositoryTest does not declare any static, non-private, non-final, nested classes annotated with @Configuration.
2020-06-04 13:45:32.030  INFO 35180 --- [    Test worker] .b.t.c.SpringBootTestContextBootstrapper : Found @SpringBootConfiguration com.kyeong_spring.Application for test class com.kyeong_spring.domain.posts.PostsRepositoryTest
2020-06-04 13:45:32.032  INFO 35180 --- [    Test worker] .b.t.c.SpringBootTestContextBootstrapper : Loaded default TestExecutionListener class names from location [META-INF/spring.factories]: [org.springframework.security.test.context.support.WithSecurityContextTestExecutionListener, org.springframework.security.test.context.support.ReactorContextTestExecutionListener, org.springframework.boot.test.autoconfigure.restdocs.RestDocsTestExecutionListener, org.springframework.boot.test.autoconfigure.web.client.MockRestServiceServerResetTestExecutionListener, org.springframework.boot.test.autoconfigure.web.servlet.MockMvcPrintOnlyOnFailureTestExecutionListener, org.springframework.boot.test.autoconfigure.web.servlet.WebDriverTestExecutionListener, org.springframework.boot.test.mock.mockito.MockitoTestExecutionListener, org.springframework.boot.test.mock.mockito.ResetMocksTestExecutionListener, org.springframework.test.context.web.ServletTestExecutionListener, org.springframework.test.context.support.DirtiesContextBeforeModesTestExecutionListener, org.springframework.test.context.support.DependencyInjectionTestExecutionListener, org.springframework.test.context.support.DirtiesContextTestExecutionListener, org.springframework.test.context.transaction.TransactionalTestExecutionListener, org.springframework.test.context.jdbc.SqlScriptsTestExecutionListener]
2020-06-04 13:45:32.037  INFO 35180 --- [    Test worker] .b.t.c.SpringBootTestContextBootstrapper : Using TestExecutionListeners: [org.springframework.test.context.web.ServletTestExecutionListener@6609bf40, org.springframework.test.context.support.DirtiesContextBeforeModesTestExecutionListener@26270f5b, org.springframework.boot.test.mock.mockito.MockitoTestExecutionListener@3f255f4a, org.springframework.boot.test.autoconfigure.SpringBootDependencyInjectionTestExecutionListener@2833f8d9, org.springframework.test.context.support.DirtiesContextTestExecutionListener@3eba120, org.springframework.test.context.transaction.TransactionalTestExecutionListener@1da83bd1, org.springframework.test.context.jdbc.SqlScriptsTestExecutionListener@8e2f821, org.springframework.security.test.context.support.WithSecurityContextTestExecutionListener@3f203cd4, org.springframework.security.test.context.support.ReactorContextTestExecutionListener@611c78b1, org.springframework.boot.test.autoconfigure.restdocs.RestDocsTestExecutionListener@3db6a1f0, org.springframework.boot.test.autoconfigure.web.client.MockRestServiceServerResetTestExecutionListener@228a7597, org.springframework.boot.test.autoconfigure.web.servlet.MockMvcPrintOnlyOnFailureTestExecutionListener@1c722b8e, org.springframework.boot.test.autoconfigure.web.servlet.WebDriverTestExecutionListener@1ea90141, org.springframework.boot.test.mock.mockito.ResetMocksTestExecutionListener@16989a45]

  .   ____          _            __ _ _
 /\\ / ___'_ __ _ _(_)_ __  __ _ \ \ \ \
( ( )\___ | '_ | '_| | '_ \/ _` | \ \ \ \
 \\/  ___)| |_)| | | | | || (_| |  ) ) ) )
  '  |____| .__|_| |_|_| |_\__, | / / / /
 =========|_|==============|___/=/_/_/_/
 :: Spring Boot ::        (v2.1.7.RELEASE)

2020-06-04 13:45:32.171  INFO 35180 --- [    Test worker] c.k.domain.posts.PostsRepositoryTest     : Starting PostsRepositoryTest on DESKTOP-TOLI8CV with PID 35180 (started by Kyeong in C:\Users\Kyeong\IdeaProjects\springboot_first)
2020-06-04 13:45:32.171  INFO 35180 --- [    Test worker] c.k.domain.posts.PostsRepositoryTest     : The following profiles are active: oauth
2020-06-04 13:45:32.807  INFO 35180 --- [    Test worker] .s.d.r.c.RepositoryConfigurationDelegate : Bootstrapping Spring Data repositories in DEFAULT mode.
2020-06-04 13:45:32.863  INFO 35180 --- [    Test worker] .s.d.r.c.RepositoryConfigurationDelegate : Finished Spring Data repository scanning in 55ms. Found 2 repository interfaces.
2020-06-04 13:45:33.092  INFO 35180 --- [    Test worker] trationDelegate$BeanPostProcessorChecker : Bean 'org.springframework.transaction.annotation.ProxyTransactionManagementConfiguration' of type [org.springframework.transaction.annotation.ProxyTransactionManagementConfiguration$$EnhancerBySpringCGLIB$$2cb70578] is not eligible for getting processed by all BeanPostProcessors (for example: not eligible for auto-proxying)
2020-06-04 13:45:33.340  INFO 35180 --- [    Test worker] com.zaxxer.hikari.HikariDataSource       : HikariPool-2 - Starting...
2020-06-04 13:45:33.343  INFO 35180 --- [    Test worker] com.zaxxer.hikari.HikariDataSource       : HikariPool-2 - Start completed.
2020-06-04 13:45:33.419  INFO 35180 --- [    Test worker] o.hibernate.jpa.internal.util.LogHelper  : HHH000204: Processing PersistenceUnitInfo [
	name: default
	...]
2020-06-04 13:45:33.441  INFO 35180 --- [    Test worker] org.hibernate.dialect.Dialect            : HHH000400: Using dialect: org.hibernate.dialect.MySQL5InnoDBDialect
Hibernate: drop table if exists posts
Hibernate: drop table if exists user
Hibernate: create table posts (id bigint not null auto_increment, created_date datetime, modified_date datetime, author varchar(255), content TEXT not null, title varchar(500) not null, primary key (id)) engine=InnoDB
Hibernate: create table user (id bigint not null auto_increment, created_date datetime, modified_date datetime, email varchar(255) not null, name varchar(255) not null, picture varchar(255), role varchar(255) not null, primary key (id)) engine=InnoDB
2020-06-04 13:45:33.580  INFO 35180 --- [    Test worker] o.h.t.schema.internal.SchemaCreatorImpl  : HHH000476: Executing import script 'org.hibernate.tool.schema.internal.exec.ScriptSourceInputNonExistentImpl@63d9c044'
2020-06-04 13:45:33.580  INFO 35180 --- [    Test worker] j.LocalContainerEntityManagerFactoryBean : Initialized JPA EntityManagerFactory for persistence unit 'default'
2020-06-04 13:45:34.048  INFO 35180 --- [    Test worker] o.h.h.i.QueryTranslatorFactoryInitiator  : HHH000397: Using ASTQueryTranslatorFactory
2020-06-04 13:45:34.489  INFO 35180 --- [    Test worker] o.s.s.web.DefaultSecurityFilterChain     : Creating filter chain: any request, [org.springframework.security.web.context.request.async.WebAsyncManagerIntegrationFilter@4559ab74, org.springframework.security.web.context.SecurityContextPersistenceFilter@67418699, org.springframework.security.web.header.HeaderWriterFilter@73567525, org.springframework.security.web.authentication.logout.LogoutFilter@6a1f4cd3, org.springframework.security.oauth2.client.web.OAuth2AuthorizationRequestRedirectFilter@5394104e, org.springframework.security.oauth2.client.web.OAuth2LoginAuthenticationFilter@5740f48a, org.springframework.security.web.authentication.ui.DefaultLoginPageGeneratingFilter@1016724, org.springframework.security.web.authentication.ui.DefaultLogoutPageGeneratingFilter@778ace0b, org.springframework.security.web.savedrequest.RequestCacheAwareFilter@2774b41, org.springframework.security.web.servletapi.SecurityContextHolderAwareRequestFilter@42c8f977, org.springframework.security.web.authentication.AnonymousAuthenticationFilter@46fa6d4, org.springframework.security.web.session.SessionManagementFilter@126a3c06, org.springframework.security.web.access.ExceptionTranslationFilter@75c20222, org.springframework.security.web.access.intercept.FilterSecurityInterceptor@2c03dc48]
2020-06-04 13:45:35.319  INFO 35180 --- [    Test worker] o.s.s.concurrent.ThreadPoolTaskExecutor  : Initializing ExecutorService 'applicationTaskExecutor'
2020-06-04 13:45:35.355  WARN 35180 --- [    Test worker] aWebConfiguration$JpaWebMvcConfiguration : spring.jpa.open-in-view is enabled by default. Therefore, database queries may be performed during view rendering. Explicitly configure spring.jpa.open-in-view to disable this warning
2020-06-04 13:45:35.433  INFO 35180 --- [    Test worker] o.s.b.a.w.s.WelcomePageHandlerMapping    : Adding welcome page template: index
2020-06-04 13:45:36.513  INFO 35180 --- [    Test worker] s.a.ScheduledAnnotationBeanPostProcessor : No TaskScheduler/ScheduledExecutorService bean found for scheduled processing
2020-06-04 13:45:36.515  INFO 35180 --- [    Test worker] c.k.domain.posts.PostsRepositoryTest     : Started PostsRepositoryTest in 4.463 seconds (JVM running for 27.192)
Hibernate: insert into posts (created_date, modified_date, author, content, title) values (?, ?, ?, ?, ?)
Hibernate: select posts0_.id as id1_0_, posts0_.created_date as created_2_0_, posts0_.modified_date as modified3_0_, posts0_.author as author4_0_, posts0_.content as content5_0_, posts0_.title as title6_0_ from posts posts0_
Hibernate: select posts0_.id as id1_0_, posts0_.created_date as created_2_0_, posts0_.modified_date as modified3_0_, posts0_.author as author4_0_, posts0_.content as content5_0_, posts0_.title as title6_0_ from posts posts0_
Hibernate: delete from posts where id=?
Hibernate: insert into posts (created_date, modified_date, author, content, title) values (?, ?, ?, ?, ?)
Hibernate: select posts0_.id as id1_0_, posts0_.created_date as created_2_0_, posts0_.modified_date as modified3_0_, posts0_.author as author4_0_, posts0_.content as content5_0_, posts0_.title as title6_0_ from posts posts0_
>>>>>>> CreatedDate = 2020-06-04T13:45:36.794, ModifiedDate = 2020-06-04T13:45:36.794
Hibernate: select posts0_.id as id1_0_, posts0_.created_date as created_2_0_, posts0_.modified_date as modified3_0_, posts0_.author as author4_0_, posts0_.content as content5_0_, posts0_.title as title6_0_ from posts posts0_
Hibernate: delete from posts where id=?
]]></system-out>
  <system-err><![CDATA[]]></system-err>
</testsuite>
