<?xml version="1.0" encoding="UTF-8"?>
<testsuite name="com.kyeong_spring.web.HelloControllerTest" tests="2" skipped="0" failures="0" errors="0" timestamp="2020-06-04T04:45:39" hostname="DESKTOP-TOLI8CV" time="0.264">
  <properties/>
  <testcase name="hello가_리턴된다" classname="com.kyeong_spring.web.HelloControllerTest" time="0.07"/>
  <testcase name="helloDto가_리턴된다" classname="com.kyeong_spring.web.HelloControllerTest" time="0.193"/>
  <system-out><![CDATA[2020-06-04 13:45:36.831  INFO 35180 --- [    Test worker] .b.t.a.w.s.WebMvcTestContextBootstrapper : Neither @ContextConfiguration nor @ContextHierarchy found for test class [com.kyeong_spring.web.HelloControllerTest], using SpringBootContextLoader
2020-06-04 13:45:36.833  INFO 35180 --- [    Test worker] o.s.t.c.support.AbstractContextLoader    : Could not detect default resource locations for test class [com.kyeong_spring.web.HelloControllerTest]: no resource found for suffixes {-context.xml, Context.groovy}.
2020-06-04 13:45:36.834  INFO 35180 --- [    Test worker] t.c.s.AnnotationConfigContextLoaderUtils : Could not detect default configuration classes for test class [com.kyeong_spring.web.HelloControllerTest]: HelloControllerTest does not declare any static, non-private, non-final, nested classes annotated with @Configuration.
2020-06-04 13:45:36.864  INFO 35180 --- [    Test worker] .b.t.c.SpringBootTestContextBootstrapper : Found @SpringBootConfiguration com.kyeong_spring.Application for test class com.kyeong_spring.web.HelloControllerTest
2020-06-04 13:45:36.865  INFO 35180 --- [    Test worker] .b.t.a.w.s.WebMvcTestContextBootstrapper : Loaded default TestExecutionListener class names from location [META-INF/spring.factories]: [org.springframework.security.test.context.support.WithSecurityContextTestExecutionListener, org.springframework.security.test.context.support.ReactorContextTestExecutionListener, org.springframework.boot.test.autoconfigure.restdocs.RestDocsTestExecutionListener, org.springframework.boot.test.autoconfigure.web.client.MockRestServiceServerResetTestExecutionListener, org.springframework.boot.test.autoconfigure.web.servlet.MockMvcPrintOnlyOnFailureTestExecutionListener, org.springframework.boot.test.autoconfigure.web.servlet.WebDriverTestExecutionListener, org.springframework.boot.test.mock.mockito.MockitoTestExecutionListener, org.springframework.boot.test.mock.mockito.ResetMocksTestExecutionListener, org.springframework.test.context.web.ServletTestExecutionListener, org.springframework.test.context.support.DirtiesContextBeforeModesTestExecutionListener, org.springframework.test.context.support.DependencyInjectionTestExecutionListener, org.springframework.test.context.support.DirtiesContextTestExecutionListener, org.springframework.test.context.transaction.TransactionalTestExecutionListener, org.springframework.test.context.jdbc.SqlScriptsTestExecutionListener]
2020-06-04 13:45:36.866  INFO 35180 --- [    Test worker] .b.t.a.w.s.WebMvcTestContextBootstrapper : Using TestExecutionListeners: [org.springframework.test.context.web.ServletTestExecutionListener@300bb832, org.springframework.test.context.support.DirtiesContextBeforeModesTestExecutionListener@5db914ca, org.springframework.boot.test.mock.mockito.MockitoTestExecutionListener@1a749582, org.springframework.boot.test.autoconfigure.SpringBootDependencyInjectionTestExecutionListener@6f8f73fc, org.springframework.test.context.support.DirtiesContextTestExecutionListener@2a88c17, org.springframework.test.context.transaction.TransactionalTestExecutionListener@17a2d7cc, org.springframework.test.context.jdbc.SqlScriptsTestExecutionListener@2944883f, org.springframework.security.test.context.support.WithSecurityContextTestExecutionListener@3dc00e78, org.springframework.security.test.context.support.ReactorContextTestExecutionListener@7b4ee5e3, org.springframework.boot.test.autoconfigure.restdocs.RestDocsTestExecutionListener@7a5351f1, org.springframework.boot.test.autoconfigure.web.client.MockRestServiceServerResetTestExecutionListener@775b3bf4, org.springframework.boot.test.autoconfigure.web.servlet.MockMvcPrintOnlyOnFailureTestExecutionListener@4a5558a9, org.springframework.boot.test.autoconfigure.web.servlet.WebDriverTestExecutionListener@46b8cdfd, org.springframework.boot.test.mock.mockito.ResetMocksTestExecutionListener@2604d002]

  .   ____          _            __ _ _
 /\\ / ___'_ __ _ _(_)_ __  __ _ \ \ \ \
( ( )\___ | '_ | '_| | '_ \/ _` | \ \ \ \
 \\/  ___)| |_)| | | | | || (_| |  ) ) ) )
  '  |____| .__|_| |_|_| |_\__, | / / / /
 =========|_|==============|___/=/_/_/_/
 :: Spring Boot ::        (v2.1.7.RELEASE)

2020-06-04 13:45:36.979  INFO 35180 --- [    Test worker] c.kyeong_spring.web.HelloControllerTest  : Starting HelloControllerTest on DESKTOP-TOLI8CV with PID 35180 (started by Kyeong in C:\Users\Kyeong\IdeaProjects\springboot_first)
2020-06-04 13:45:36.979  INFO 35180 --- [    Test worker] c.kyeong_spring.web.HelloControllerTest  : The following profiles are active: oauth
2020-06-04 13:45:37.941  INFO 35180 --- [    Test worker] o.s.s.concurrent.ThreadPoolTaskExecutor  : Initializing ExecutorService 'applicationTaskExecutor'
2020-06-04 13:45:38.015  INFO 35180 --- [    Test worker] o.s.b.a.w.s.WelcomePageHandlerMapping    : Adding welcome page template: index
2020-06-04 13:45:38.531  INFO 35180 --- [    Test worker] .s.s.UserDetailsServiceAutoConfiguration : 

Using generated security password: 60e530d2-589f-48e6-9059-d83dda7c403d

2020-06-04 13:45:38.881  INFO 35180 --- [    Test worker] o.s.s.web.DefaultSecurityFilterChain     : Creating filter chain: any request, [org.springframework.security.web.context.request.async.WebAsyncManagerIntegrationFilter@66eb4e70, org.springframework.security.web.context.SecurityContextPersistenceFilter@12c121, org.springframework.security.web.header.HeaderWriterFilter@420d7aa2, org.springframework.security.web.csrf.CsrfFilter@3837f284, org.springframework.security.web.authentication.logout.LogoutFilter@60c17c2b, org.springframework.security.web.authentication.UsernamePasswordAuthenticationFilter@6f73b154, org.springframework.security.web.authentication.ui.DefaultLoginPageGeneratingFilter@52f976d9, org.springframework.security.web.authentication.ui.DefaultLogoutPageGeneratingFilter@15bf27e3, org.springframework.security.web.authentication.www.BasicAuthenticationFilter@3cbc438f, org.springframework.security.web.savedrequest.RequestCacheAwareFilter@76b1de31, org.springframework.security.web.servletapi.SecurityContextHolderAwareRequestFilter@5f40722f, org.springframework.security.web.authentication.AnonymousAuthenticationFilter@4bc1aee0, org.springframework.security.web.session.SessionManagementFilter@45a903b5, org.springframework.security.web.access.ExceptionTranslationFilter@6a039ac8, org.springframework.security.web.access.intercept.FilterSecurityInterceptor@2a2b1864]
2020-06-04 13:45:38.933  INFO 35180 --- [    Test worker] o.s.b.t.m.w.SpringBootMockServletContext : Initializing Spring TestDispatcherServlet ''
2020-06-04 13:45:38.933  INFO 35180 --- [    Test worker] o.s.t.web.servlet.TestDispatcherServlet  : Initializing Servlet ''
2020-06-04 13:45:38.960  INFO 35180 --- [    Test worker] o.s.t.web.servlet.TestDispatcherServlet  : Completed initialization in 27 ms
2020-06-04 13:45:39.022  INFO 35180 --- [    Test worker] c.kyeong_spring.web.HelloControllerTest  : Started HelloControllerTest in 2.148 seconds (JVM running for 29.703)
]]></system-out>
  <system-err><![CDATA[]]></system-err>
</testsuite>
